Arguments: 
  /home/ismael/.nvm/versions/node/v8.17.0/bin/node /home/ismael/.nvm/versions/node/v8.17.0/bin/yarn add @fortawesomefontawesome-free

PATH: 
  /home/ismael/.nvm/versions/node/v8.17.0/bin:/home/ismael/.yarn/bin:/home/ismael/.config/yarn/global/node_modules/.bin:/home/ismael/.rbenv/shims:/home/ismael/.rbenv/bin:/home/ismael/.local/bin:/usr/local/sbin:/usr/local/bin:/usr/bin:/usr/lib/jvm/default/bin:/usr/bin/site_perl:/usr/bin/vendor_perl:/usr/bin/core_perl:/var/lib/snapd/snap/bin::/home/ismael/.yarn/bin

Yarn version: 
  1.22.11

Node version: 
  8.17.0

Platform: 
  linux x64

Trace: 
  Error: https://registry.yarnpkg.com/@fortawesomefontawesome-free: Request "https://registry.yarnpkg.com/@fortawesomefontawesome-free" returned a 405
      at Request.params.callback [as _callback] (/home/ismael/.nvm/versions/node/v8.17.0/lib/node_modules/yarn/lib/cli.js:67001:18)
      at Request.self.callback (/home/ismael/.nvm/versions/node/v8.17.0/lib/node_modules/yarn/lib/cli.js:140763:22)
      at emitTwo (events.js:126:13)
      at Request.emit (events.js:214:7)
      at Request.<anonymous> (/home/ismael/.nvm/versions/node/v8.17.0/lib/node_modules/yarn/lib/cli.js:141735:10)
      at emitOne (events.js:116:13)
      at Request.emit (events.js:211:7)
      at IncomingMessage.<anonymous> (/home/ismael/.nvm/versions/node/v8.17.0/lib/node_modules/yarn/lib/cli.js:141657:12)
      at Object.onceWrapper (events.js:313:30)
      at emitNone (events.js:111:20)

npm manifest: 
  {
    "name": "todolist",
    "version": "1.0.0",
    "description": "",
    "main": "index.js",
    "scripts": {
      "dev": "webpack --mode development",
      "start": "webpack serve --open",
      "test": "echo \"Error: no test specified\" && exit 1",
      "watch": "webpack --watch",
      "build-dev": "webpack --config=webpack.config.dev.js",
      "build": "webpack",
      "deploy": "npm run build && gh-pages -d dist"
    },
    "repository": {
      "type": "git",
      "url": "git+https://github.com/ixboy/ToDoList.git"
    },
    "keywords": [],
    "author": "",
    "license": "ISC",
    "bugs": {
      "url": "https://github.com/ixboy/ToDoList/issues"
    },
    "homepage": "https://github.com/ixboy/ToDoList#readme",
    "devDependencies": {
      "@babel/core": "^7.15.5",
      "@babel/preset-env": "^7.15.6",
      "@fortawesome/fontawesome-free": "^5.15.4",
      "@fortawesome/fontawesome-svg-core": "^1.2.36",
      "@fortawesome/free-brands-svg-icons": "^5.15.4",
      "@fortawesome/free-regular-svg-icons": "^5.15.4",
      "@fortawesome/free-solid-svg-icons": "^5.15.4",
      "babel-eslint": "^10.1.0",
      "babel-loader": "^8.2.2",
      "css-loader": "^6.3.0",
      "eslint": "^7.32.0",
      "eslint-config-airbnb-base": "^14.2.1",
      "eslint-plugin-import": "^2.24.2",
      "hint": "^6.1.4",
      "html-webpack-plugin": "^5.3.2",
      "sass": "^1.42.0",
      "sass-loader": "^12.1.0",
      "style-loader": "^3.3.0",
      "stylelint": "^13.13.1",
      "stylelint-config-standard": "^21.0.0",
      "stylelint-csstree-validator": "^1.9.0",
      "stylelint-scss": "^3.21.0",
      "webpack": "^5.53.0",
      "webpack-cli": "^4.8.0",
      "webpack-dev-server": "^4.2.1"
    },
    "dependencies": {
      "npm": "^7.24.1",
      "yarn": "^1.22.11"
    }
  }

yarn manifest: 
  No manifest

Lockfile: 
  No lockfile
